  client.cpp
c:\users\xps\documents\visual studio 2015\projects\cmp303_v8\cmp303\client.cpp(197): warning C4244: 'initializing': conversion from 'float' to 'uint64_t', possible loss of data
c:\users\xps\documents\visual studio 2015\projects\cmp303_v8\cmp303\client.cpp(115): warning C4018: '<=': signed/unsigned mismatch
  c:\program files (x86)\microsoft visual studio 14.0\vc\include\algorithm(1480): note: see reference to function template instantiation 'auto Network::Client::Receive_PACKET_SERVER_UPDATE::<lambda_2c1ff1a02d9870798d525a067259bc3b>::operator ()<Command>(const Command &) const' being compiled
  c:\program files (x86)\microsoft visual studio 14.0\vc\include\algorithm(1493): note: see reference to function template instantiation '_FwdIt std::_Remove_if_unchecked<std::_List_unchecked_iterator<std::_List_val<std::_List_simple_types<Command>>>,_Pr>(_FwdIt,_FwdIt,_Pr &)' being compiled
          with
          [
              _FwdIt=std::_List_unchecked_iterator<std::_List_val<std::_List_simple_types<Command>>>,
              _Pr=Network::Client::Receive_PACKET_SERVER_UPDATE::<lambda_2c1ff1a02d9870798d525a067259bc3b>
          ]
  c:\users\xps\documents\visual studio 2015\projects\cmp303_v8\cmp303\client.cpp(115): note: see reference to function template instantiation '_FwdIt std::remove_if<std::_List_iterator<std::_List_val<std::_List_simple_types<Command>>>,Network::Client::Receive_PACKET_SERVER_UPDATE::<lambda_2c1ff1a02d9870798d525a067259bc3b>>(_FwdIt,_FwdIt,_Pr)' being compiled
          with
          [
              _FwdIt=std::_List_iterator<std::_List_val<std::_List_simple_types<Command>>>,
              _Pr=Network::Client::Receive_PACKET_SERVER_UPDATE::<lambda_2c1ff1a02d9870798d525a067259bc3b>
          ]
  c:\users\xps\documents\visual studio 2015\projects\cmp303_v8\cmp303\client.cpp(21): note: see reference to class template instantiation 'std::unique_ptr<sf::RenderWindow,std::default_delete<_Ty>>' being compiled
          with
          [
              _Ty=sf::RenderWindow
          ]
  CMP303.vcxproj -> C:\Users\XPS\Documents\Visual Studio 2015\Projects\CMP303_v8\CMP303\x64\Debug\CMP303.exe
  CMP303.vcxproj -> C:\Users\XPS\Documents\Visual Studio 2015\Projects\CMP303_v8\CMP303\x64\Debug\CMP303.pdb (Full PDB)
