c:\users\xps\documents\visual studio 2015\projects\cmp303_v8\cmp303\x64\debug\vc140.pdb
c:\users\xps\documents\visual studio 2015\projects\cmp303_v8\cmp303\x64\debug\vc140.idb
c:\users\xps\documents\visual studio 2015\projects\cmp303_v8\cmp303\x64\debug\client.nativecodeanalysis.xml
c:\users\xps\documents\visual studio 2015\projects\cmp303_v8\cmp303\x64\debug\common.nativecodeanalysis.xml
c:\users\xps\documents\visual studio 2015\projects\cmp303_v8\cmp303\x64\debug\old_interpolation_code.nativecodeanalysis.xml
c:\users\xps\documents\visual studio 2015\projects\cmp303_v8\cmp303\x64\debug\main.nativecodeanalysis.xml
c:\users\xps\documents\visual studio 2015\projects\cmp303_v8\cmp303\x64\debug\network.nativecodeanalysis.xml
c:\users\xps\documents\visual studio 2015\projects\cmp303_v8\cmp303\x64\debug\player.nativecodeanalysis.xml
c:\users\xps\documents\visual studio 2015\projects\cmp303_v8\cmp303\x64\debug\server.nativecodeanalysis.xml
c:\users\xps\documents\visual studio 2015\projects\cmp303_v8\cmp303\x64\debug\world.nativecodeanalysis.xml
c:\users\xps\documents\visual studio 2015\projects\cmp303_v8\cmp303\x64\debug\world.obj
c:\users\xps\documents\visual studio 2015\projects\cmp303_v8\cmp303\x64\debug\server.obj
c:\users\xps\documents\visual studio 2015\projects\cmp303_v8\cmp303\x64\debug\player.obj
c:\users\xps\documents\visual studio 2015\projects\cmp303_v8\cmp303\x64\debug\network.obj
c:\users\xps\documents\visual studio 2015\projects\cmp303_v8\cmp303\x64\debug\main.obj
c:\users\xps\documents\visual studio 2015\projects\cmp303_v8\cmp303\x64\debug\old_interpolation_code.obj
c:\users\xps\documents\visual studio 2015\projects\cmp303_v8\cmp303\x64\debug\common.obj
c:\users\xps\documents\visual studio 2015\projects\cmp303_v8\cmp303\x64\debug\client.obj
c:\users\xps\documents\visual studio 2015\projects\cmp303_v8\cmp303\x64\debug\cmp303.ilk
c:\users\xps\documents\visual studio 2015\projects\cmp303_v8\cmp303\x64\debug\cmp303.exe
c:\users\xps\documents\visual studio 2015\projects\cmp303_v8\cmp303\x64\debug\cmp303.pdb
c:\users\xps\documents\visual studio 2015\projects\cmp303_v8\cmp303\x64\debug\nativecodeanalysis.read.1.tlog
c:\users\xps\documents\visual studio 2015\projects\cmp303_v8\cmp303\x64\debug\vc.nativecodeanalysis.all.xml
c:\users\xps\documents\visual studio 2015\projects\cmp303_v8\cmp303\x64\debug\cmp303.exe.lastcodeanalysissucceeded
c:\users\xps\documents\visual studio 2015\projects\cmp303_v8\cmp303\x64\debug\cmp303.tlog\cl.command.1.tlog
c:\users\xps\documents\visual studio 2015\projects\cmp303_v8\cmp303\x64\debug\cmp303.tlog\cl.read.1.tlog
c:\users\xps\documents\visual studio 2015\projects\cmp303_v8\cmp303\x64\debug\cmp303.tlog\cl.write.1.tlog
c:\users\xps\documents\visual studio 2015\projects\cmp303_v8\cmp303\x64\debug\cmp303.tlog\link.command.1.tlog
c:\users\xps\documents\visual studio 2015\projects\cmp303_v8\cmp303\x64\debug\cmp303.tlog\link.read.1.tlog
c:\users\xps\documents\visual studio 2015\projects\cmp303_v8\cmp303\x64\debug\cmp303.tlog\link.write.1.tlog
